<?xml version="1.0" encoding="UTF-8"?>
<!-- Generated by org.testng.reporters.JUnitReportReporter -->
<testsuite hostname="DESKTOP-IU9D0MM" failures="0" tests="1" name="com.spicejet.test.PayTest" time="253.496" errors="0" timestamp="2023-12-05T17:17:37 IST" skipped="0">
  <testcase classname="com.spicejet.test.PayTest" name="payTest" time="253.496"/>
</testsuite> <!-- com.spicejet.test.PayTest -->
