<?xml version="1.0" encoding="UTF-8"?>
<!-- Generated by org.testng.reporters.JUnitReportReporter -->
<testsuite hostname="DESKTOP-IU9D0MM" failures="0" tests="1" name="com.spicejet.test.OWTest" time="129.943" errors="0" timestamp="2023-12-02T11:18:04 IST" skipped="0">
  <testcase classname="com.spicejet.test.OWTest" name="oneWayTrip" time="129.943"/>
</testsuite> <!-- com.spicejet.test.OWTest -->
