<?xml version="1.0" encoding="UTF-8"?>
<!-- Generated by org.testng.reporters.JUnitReportReporter -->
<testsuite hostname="DESKTOP-IU9D0MM" failures="0" tests="1" name="com.spicejet.test.RTTest" time="49.619" errors="0" timestamp="2023-12-03T17:36:59 IST" skipped="0">
  <testcase classname="com.spicejet.test.RTTest" name="roundTrip" time="49.619"/>
</testsuite> <!-- com.spicejet.test.RTTest -->
