<?xml version="1.0" encoding="UTF-8"?>
<!-- Generated by org.testng.reporters.JUnitReportReporter -->
<testsuite hostname="DESKTOP-IU9D0MM" failures="0" tests="1" name="com.spicejet.test.SignUpTest_Positive" time="147.891" errors="0" timestamp="2023-11-30T21:46:57 IST" skipped="0">
  <testcase classname="com.spicejet.test.SignUpTest_Positive" name="signUpWithValidCredentials" time="147.891"/>
</testsuite> <!-- com.spicejet.test.SignUpTest_Positive -->
