<?xml version="1.0" encoding="UTF-8"?>
<!-- Generated by org.testng.reporters.JUnitReportReporter -->
<testsuite hostname="DESKTOP-IU9D0MM" failures="0" tests="1" name="com.spicejet.test.OWTest" time="61.916" errors="0" timestamp="2023-12-07T14:00:51 IST" skipped="0">
  <testcase classname="com.spicejet.test.OWTest" name="oneWayTrip" time="61.916"/>
</testsuite> <!-- com.spicejet.test.OWTest -->
