<?xml version="1.0" encoding="UTF-8"?>
<!-- Generated by org.testng.reporters.JUnitReportReporter -->
<testsuite hostname="DESKTOP-IU9D0MM" failures="0" tests="1" name="com.spicejet.test.PayTest" time="127.585" errors="0" timestamp="2023-12-07T17:26:34 IST" skipped="0">
  <testcase classname="com.spicejet.test.PayTest" name="payTest" time="127.585"/>
</testsuite> <!-- com.spicejet.test.PayTest -->
