<?xml version="1.0" encoding="UTF-8"?>
<!-- Generated by org.testng.reporters.JUnitReportReporter -->
<testsuite hostname="DESKTOP-IU9D0MM" failures="0" tests="1" name="com.spicejet.test.PayTest" time="89.546" errors="0" timestamp="2023-12-07T13:44:30 IST" skipped="0">
  <testcase classname="com.spicejet.test.PayTest" name="payTest" time="89.546"/>
</testsuite> <!-- com.spicejet.test.PayTest -->
