<?xml version="1.0" encoding="UTF-8"?>
<!-- Generated by org.testng.reporters.JUnitReportReporter -->
<testsuite hostname="DESKTOP-IU9D0MM" failures="0" tests="1" name="com.spicejet.test.SignUpTest_Negative" time="143.546" errors="0" timestamp="2023-11-30T21:46:57 IST" skipped="0">
  <testcase classname="com.spicejet.test.SignUpTest_Negative" name="signUpWithInValidCredentials" time="143.546"/>
</testsuite> <!-- com.spicejet.test.SignUpTest_Negative -->
