<?xml version="1.0" encoding="UTF-8"?>
<!-- Generated by org.testng.reporters.JUnitReportReporter -->
<testsuite hostname="DESKTOP-IU9D0MM" failures="0" tests="1" name="com.spicejet.test.LoginTest_N_DataPVDR" time="43.536" errors="0" timestamp="2023-12-01T15:59:04 IST" skipped="0">
  <testcase classname="com.spicejet.test.LoginTest_N_DataPVDR" name="loginWithInValidCredentials" time="43.536"/>
</testsuite> <!-- com.spicejet.test.LoginTest_N_DataPVDR -->
