<?xml version="1.0" encoding="UTF-8"?>
<!-- Generated by org.testng.reporters.JUnitReportReporter -->
<testsuite hostname="DESKTOP-IU9D0MM" failures="0" tests="3" name="com.spicejet.test.LoginTest_N_DataPVDR" time="217.761" errors="0" timestamp="2023-12-08T11:00:40 IST" skipped="0">
  <testcase classname="com.spicejet.test.LoginTest_N_DataPVDR" name="loginWithInValidCredentials" time="68.642"/>
  <testcase classname="com.spicejet.test.LoginTest_N_DataPVDR" name="loginWithInValidCredentials" time="62.871"/>
  <testcase classname="com.spicejet.test.LoginTest_N_DataPVDR" name="loginWithInValidCredentials" time="86.248"/>
</testsuite> <!-- com.spicejet.test.LoginTest_N_DataPVDR -->
