<?xml version="1.0" encoding="UTF-8"?>
<!-- Generated by org.testng.reporters.JUnitReportReporter -->
<testsuite hostname="DESKTOP-IU9D0MM" failures="0" tests="1" name="com.spicejet.test.SignUpTest_Negative" time="99.485" errors="0" timestamp="2023-12-08T12:14:28 IST" skipped="0">
  <testcase classname="com.spicejet.test.SignUpTest_Negative" name="signUpWithInValidCredentials" time="99.485"/>
</testsuite> <!-- com.spicejet.test.SignUpTest_Negative -->
