<?xml version="1.0" encoding="UTF-8"?>
<!-- Generated by org.testng.reporters.JUnitReportReporter -->
<testsuite hostname="DESKTOP-IU9D0MM" failures="0" tests="1" name="com.spicejet.test.OWTest" time="105.474" errors="0" timestamp="2023-12-02T15:50:25 IST" skipped="0">
  <testcase classname="com.spicejet.test.OWTest" name="oneWayTrip" time="105.474"/>
</testsuite> <!-- com.spicejet.test.OWTest -->
