<?xml version="1.0" encoding="UTF-8"?>
<!-- Generated by org.testng.reporters.JUnitReportReporter -->
<testsuite hostname="DESKTOP-IU9D0MM" failures="0" tests="1" name="com.spicejet.test.LoginTest_P_DataPVDR" time="57.091" errors="0" timestamp="2023-12-01T15:59:04 IST" skipped="0">
  <testcase classname="com.spicejet.test.LoginTest_P_DataPVDR" name="loginWithValidCredentials" time="57.091"/>
</testsuite> <!-- com.spicejet.test.LoginTest_P_DataPVDR -->
