<?xml version="1.0" encoding="UTF-8"?>
<!-- Generated by org.testng.reporters.JUnitReportReporter -->
<testsuite hostname="DESKTOP-IU9D0MM" failures="0" tests="3" name="com.spicejet.test.LoginTest_N_DataPVDR" time="489.000" errors="0" timestamp="2023-12-01T13:10:18 IST" skipped="0">
  <testcase classname="com.spicejet.test.LoginTest_N_DataPVDR" name="loginWithInValidCredentials" time="163.794"/>
  <testcase classname="com.spicejet.test.LoginTest_N_DataPVDR" name="loginWithInValidCredentials" time="162.613"/>
  <testcase classname="com.spicejet.test.LoginTest_N_DataPVDR" name="loginWithInValidCredentials" time="162.593"/>
</testsuite> <!-- com.spicejet.test.LoginTest_N_DataPVDR -->
