<?xml version="1.0" encoding="UTF-8"?>
<!-- Generated by org.testng.reporters.JUnitReportReporter -->
<testsuite hostname="DESKTOP-IU9D0MM" failures="0" tests="1" name="com.spicejet.test.RTTest" time="0.127" errors="0" timestamp="2023-12-02T17:01:04 IST" skipped="0">
  <testcase classname="com.spicejet.test.RTTest" name="roundTrip" time="0.127"/>
</testsuite> <!-- com.spicejet.test.RTTest -->
