<?xml version="1.0" encoding="UTF-8"?>
<!-- Generated by org.testng.reporters.JUnitReportReporter -->
<testsuite hostname="DESKTOP-IU9D0MM" failures="0" tests="3" name="com.spicejet.test.LoginTest_N_DataPVDR" time="148.715" errors="0" timestamp="2023-12-07T19:22:18 IST" skipped="0">
  <testcase classname="com.spicejet.test.LoginTest_N_DataPVDR" name="loginWithInValidCredentials" time="55.733"/>
  <testcase classname="com.spicejet.test.LoginTest_N_DataPVDR" name="loginWithInValidCredentials" time="49.763"/>
  <testcase classname="com.spicejet.test.LoginTest_N_DataPVDR" name="loginWithInValidCredentials" time="43.219"/>
</testsuite> <!-- com.spicejet.test.LoginTest_N_DataPVDR -->
